CRITICAL - 2020-09-24 09:13:07 --> Class 'App\Controller\BaaseController' not found
#0 F:\app\vendor\codeigniter4\framework\system\Autoloader\Autoloader.php(365): require_once()
#1 F:\app\vendor\codeigniter4\framework\system\Autoloader\Autoloader.php(296): CodeIgniter\Autoloader\Autoloader->requireFile('F:\\app\\app\\/Con...')
#2 F:\app\vendor\codeigniter4\framework\system\Autoloader\Autoloader.php(258): CodeIgniter\Autoloader\Autoloader->loadInNamespace('App\\Controllers...')
#3 [internal function]: CodeIgniter\Autoloader\Autoloader->loadClass('App\\Controllers...')
#4 [internal function]: spl_autoload_call('App\\Controllers...')
#5 F:\app\vendor\codeigniter4\framework\system\CodeIgniter.php(869): class_exists('\\App\\Controller...', true)
#6 F:\app\vendor\codeigniter4\framework\system\CodeIgniter.php(394): CodeIgniter\CodeIgniter->startController()
#7 F:\app\vendor\codeigniter4\framework\system\CodeIgniter.php(312): CodeIgniter\CodeIgniter->handleRequest(NULL, Object(Config\Cache), false)
#8 F:\app\public\index.php(45): CodeIgniter\CodeIgniter->run()
#9 F:\app\vendor\codeigniter4\framework\system\Commands\Server\rewrite.php(34): require_once('F:\\app\\public\\i...')
#10 {main}
CRITICAL - 2020-09-24 09:13:18 --> Class 'App\Controller\BaaseController' not found
#0 F:\app\vendor\codeigniter4\framework\system\Autoloader\Autoloader.php(365): require_once()
#1 F:\app\vendor\codeigniter4\framework\system\Autoloader\Autoloader.php(296): CodeIgniter\Autoloader\Autoloader->requireFile('F:\\app\\app\\/Con...')
#2 F:\app\vendor\codeigniter4\framework\system\Autoloader\Autoloader.php(258): CodeIgniter\Autoloader\Autoloader->loadInNamespace('App\\Controllers...')
#3 [internal function]: CodeIgniter\Autoloader\Autoloader->loadClass('App\\Controllers...')
#4 [internal function]: spl_autoload_call('App\\Controllers...')
#5 F:\app\vendor\codeigniter4\framework\system\CodeIgniter.php(869): class_exists('\\App\\Controller...', true)
#6 F:\app\vendor\codeigniter4\framework\system\CodeIgniter.php(394): CodeIgniter\CodeIgniter->startController()
#7 F:\app\vendor\codeigniter4\framework\system\CodeIgniter.php(312): CodeIgniter\CodeIgniter->handleRequest(NULL, Object(Config\Cache), false)
#8 F:\app\public\index.php(45): CodeIgniter\CodeIgniter->run()
#9 F:\app\vendor\codeigniter4\framework\system\Commands\Server\rewrite.php(34): require_once('F:\\app\\public\\i...')
#10 {main}
